<?xml version="1.0" encoding="UTF-8"?>
<!-- Generated by org.testng.reporters.JUnitReportReporter -->
<testsuite skipped="0" hostname="DESKTOP-CS733UO" name="actions.RightClick" tests="1" failures="0" timestamp="20 Jul 2022 06:48:11 GMT" time="10.566" errors="0">
  <testcase name="rightClick" time="10.566" classname="actions.RightClick"/>
</testsuite> <!-- actions.RightClick -->
