<?xml version="1.0" encoding="UTF-8"?>
<!-- Generated by org.testng.reporters.JUnitReportReporter -->
<testsuite skipped="0" hostname="DESKTOP-CS733UO" name="actions.DragNDrop" tests="1" failures="0" timestamp="20 Jul 2022 10:39:28 GMT" time="59.450" errors="0">
  <testcase name="dragNdrop" time="59.450" classname="actions.DragNDrop"/>
</testsuite> <!-- actions.DragNDrop -->
