<?xml version="1.0" encoding="UTF-8"?>
<!-- Generated by org.testng.reporters.JUnitReportReporter -->
<testsuite skipped="1" hostname="DESKTOP-CS733UO" name="skipexception.Basic" tests="1" failures="0" timestamp="15 Jul 2022 03:03:42 GMT" time="0.015" errors="0">
  <testcase name="test" time="0.015" classname="skipexception.Basic">
    <skipped/>
  </testcase> <!-- test -->
</testsuite> <!-- skipexception.Basic -->
