<?xml version="1.0" encoding="UTF-8"?>
<!-- Generated by org.testng.reporters.JUnitReportReporter -->
<testsuite skipped="0" hostname="DESKTOP-CS733UO" name="actions.DobleClick" tests="1" failures="0" timestamp="20 Jul 2022 07:31:35 GMT" time="127.013" errors="0">
  <testcase name="mouseOver" time="127.013" classname="actions.DobleClick"/>
</testsuite> <!-- actions.DobleClick -->
