<?xml version="1.0" encoding="UTF-8"?>
<!-- Generated by org.testng.reporters.JUnitReportReporter -->
<testsuite skipped="0" hostname="DESKTOP-CS733UO" name="actions.MouseOver" tests="1" failures="0" timestamp="20 Jul 2022 07:00:57 GMT" time="5.739" errors="0">
  <testcase name="mouseOver" time="5.739" classname="actions.MouseOver"/>
</testsuite> <!-- actions.MouseOver -->
