<?xml version="1.0" encoding="UTF-8"?>
<!-- Generated by org.testng.reporters.JUnitReportReporter -->
<testsuite skipped="0" hostname="DESKTOP-CS733UO" name="actions.ActionDemo" tests="1" failures="0" timestamp="20 Jul 2022 06:28:22 GMT" time="9.463" errors="0">
  <testcase name="AmazonSerach" time="9.463" classname="actions.ActionDemo"/>
</testsuite> <!-- actions.ActionDemo -->
