<?xml version="1.0" encoding="UTF-8"?>
<!-- Generated by org.testng.reporters.JUnitReportReporter -->
<testsuite skipped="0" hostname="DESKTOP-CS733UO" name="selectandmultiselect.Alert" tests="1" failures="0" timestamp="14 Jul 2022 16:18:34 GMT" time="14.359" errors="0">
  <testcase name="Alert_demo" time="14.359" classname="selectandmultiselect.Alert"/>
</testsuite> <!-- selectandmultiselect.Alert -->
