<?xml version="1.0" encoding="UTF-8"?>
<!-- Generated by org.testng.reporters.JUnitReportReporter -->
<testsuite skipped="0" hostname="DESKTOP-CS733UO" name="selectandmultiselect.Multiselect_demo" tests="1" failures="0" timestamp="14 Jul 2022 06:33:28 GMT" time="31.980" errors="0">
  <testcase name="select" time="31.980" classname="selectandmultiselect.Multiselect_demo"/>
</testsuite> <!-- selectandmultiselect.Multiselect_demo -->
